\BOOKMARK [1][-]{section.1}{\376\377\000I\000n\000t\000r\000o\000d\000u\000c\000t\000i\000o\000n}{}% 1
\BOOKMARK [2][-]{subsection.1.1}{\376\377\000M\000o\000t\000i\000v\000a\000t\000i\000o\000n\000:\000\040\000P\000h\000y\000s\000i\000c\000a\000l\000\040\000A\000I\000\040\000F\000a\000c\000e\000s\000\040\000t\000h\000e\000\040\000M\000e\000m\000o\000r\000y\000\040\000W\000a\000l\000l}{section.1}% 2
\BOOKMARK [2][-]{subsection.1.2}{\376\377\000P\000r\000o\000b\000l\000e\000m\000\040\000S\000t\000a\000t\000e\000m\000e\000n\000t}{section.1}% 3
\BOOKMARK [2][-]{subsection.1.3}{\376\377\000R\000e\000s\000e\000a\000r\000c\000h\000\040\000Q\000u\000e\000s\000t\000i\000o\000n\000s}{section.1}% 4
\BOOKMARK [2][-]{subsection.1.4}{\376\377\000C\000o\000n\000t\000r\000i\000b\000u\000t\000i\000o\000n\000s}{section.1}% 5
\BOOKMARK [2][-]{subsection.1.5}{\376\377\000S\000c\000o\000p\000e\000\040\000a\000n\000d\000\040\000N\000o\000n\000-\000G\000o\000a\000l\000s}{section.1}% 6
\BOOKMARK [2][-]{subsection.1.6}{\376\377\000T\000h\000e\000s\000i\000s\000\040\000O\000r\000g\000a\000n\000i\000z\000a\000t\000i\000o\000n}{section.1}% 7
\BOOKMARK [1][-]{section.2}{\376\377\000L\000i\000t\000e\000r\000a\000t\000u\000r\000e\000\040\000R\000e\000v\000i\000e\000w}{}% 8
\BOOKMARK [2][-]{subsection.2.1}{\376\377\000B\000a\000c\000k\000g\000r\000o\000u\000n\000d}{section.2}% 9
\BOOKMARK [3][-]{subsubsection.2.1.1}{\376\377\000T\000h\000e\000\040\000G\000P\000U\000\040\000E\000x\000e\000c\000u\000t\000i\000o\000n\000\040\000M\000o\000d\000e\000l}{subsection.2.1}% 10
\BOOKMARK [3][-]{subsubsection.2.1.2}{\376\377\000T\000h\000e\000\040\000M\000e\000m\000o\000r\000y\000\040\000H\000i\000e\000r\000a\000r\000c\000h\000y\000\040\000a\000n\000d\000\040\000t\000h\000e\000\040\000F\000i\000v\000e\000\040\000A\000d\000d\000r\000e\000s\000s\000\040\000S\000p\000a\000c\000e\000s}{subsection.2.1}% 11
\BOOKMARK [3][-]{subsubsection.2.1.3}{\376\377\000T\000h\000e\000\040\000M\000e\000m\000o\000r\000y\000\040\000W\000a\000l\000l}{subsection.2.1}% 12
\BOOKMARK [3][-]{subsubsection.2.1.4}{\376\377\000V\000i\000s\000u\000a\000l\000\040\000S\000L\000A\000M\000\040\000a\000n\000d\000\040\000c\000u\000V\000S\000L\000A\000M}{subsection.2.1}% 13
\BOOKMARK [3][-]{subsubsection.2.1.5}{\376\377\000C\000a\000n\000d\000i\000d\000a\000t\000e\000\040\000S\000u\000b\000s\000t\000r\000a\000t\000e\000s\000\040\000f\000o\000r\000\040\000M\000e\000m\000o\000r\000y\000-\000C\000e\000n\000t\000r\000i\000c\000\040\000E\000x\000e\000c\000u\000t\000i\000o\000n}{subsection.2.1}% 14
\BOOKMARK [3][-]{subsubsection.2.1.6}{\376\377\000T\000h\000e\000\040\000M\000e\000a\000s\000u\000r\000e\000m\000e\000n\000t\000\040\000I\000n\000s\000t\000r\000u\000m\000e\000n\000t\000s}{subsection.2.1}% 15
\BOOKMARK [2][-]{subsection.2.2}{\376\377\000R\000e\000l\000a\000t\000e\000d\000\040\000W\000o\000r\000k}{section.2}% 16
\BOOKMARK [3][-]{subsubsection.2.2.1}{\376\377\000D\000a\000t\000a\000-\000M\000o\000v\000e\000m\000e\000n\000t\000\040\000C\000h\000a\000r\000a\000c\000t\000e\000r\000i\000z\000a\000t\000i\000o\000n\000\040\000M\000e\000t\000h\000o\000d\000o\000l\000o\000g\000i\000e\000s}{subsection.2.2}% 17
\BOOKMARK [3][-]{subsubsection.2.2.2}{\376\377\000P\000r\000o\000c\000e\000s\000s\000i\000n\000g\000-\000i\000n\000-\000M\000e\000m\000o\000r\000y\000\040\000a\000n\000d\000\040\000N\000e\000a\000r\000-\000D\000a\000t\000a\000\040\000S\000y\000s\000t\000e\000m\000s}{subsection.2.2}% 18
\BOOKMARK [3][-]{subsubsection.2.2.3}{\376\377\000S\000L\000A\000M\000\040\000S\000y\000s\000t\000e\000m\000s\000\040\000a\000n\000d\000\040\000T\000h\000e\000i\000r\000\040\000E\000v\000a\000l\000u\000a\000t\000i\000o\000n}{subsection.2.2}% 19
\BOOKMARK [3][-]{subsubsection.2.2.4}{\376\377\000G\000P\000U\000\040\000I\000n\000s\000t\000r\000u\000m\000e\000n\000t\000a\000t\000i\000o\000n}{subsection.2.2}% 20
\BOOKMARK [3][-]{subsubsection.2.2.5}{\376\377\000P\000o\000s\000i\000t\000i\000o\000n\000i\000n\000g}{subsection.2.2}% 21
\BOOKMARK [1][-]{section.3}{\376\377\000M\000e\000t\000h\000o\000d\000o\000l\000o\000g\000y}{}% 22
\BOOKMARK [2][-]{subsection.3.1}{\376\377\000T\000h\000e\000\040\000S\000i\000x\000-\000S\000t\000e\000p\000\040\000P\000i\000p\000e\000l\000i\000n\000e}{section.3}% 23
\BOOKMARK [2][-]{subsection.3.2}{\376\377\000E\000x\000p\000e\000r\000i\000m\000e\000n\000t\000a\000l\000\040\000S\000e\000t\000u\000p}{section.3}% 24
\BOOKMARK [3][-]{subsubsection.3.2.1}{\376\377\000H\000a\000r\000d\000w\000a\000r\000e}{subsection.3.2}% 25
\BOOKMARK [3][-]{subsubsection.3.2.2}{\376\377\000L\000o\000c\000k\000e\000d\000\040\000C\000l\000o\000c\000k\000s\000\040\000a\000n\000d\000\040\000M\000e\000a\000s\000u\000r\000e\000d\000\040\000C\000e\000i\000l\000i\000n\000g\000s}{subsection.3.2}% 26
\BOOKMARK [3][-]{subsubsection.3.2.3}{\376\377\000W\000o\000r\000k\000l\000o\000a\000d\000s\000\040\000a\000n\000d\000\040\000D\000a\000t\000a\000s\000e\000t\000s}{subsection.3.2}% 27
\BOOKMARK [3][-]{subsubsection.3.2.4}{\376\377\000C\000a\000p\000t\000u\000r\000e\000\040\000D\000i\000s\000c\000i\000p\000l\000i\000n\000e}{subsection.3.2}% 28
\BOOKMARK [2][-]{subsection.3.3}{\376\377\000M\000e\000t\000r\000i\000c\000s}{section.3}% 29
\BOOKMARK [3][-]{subsubsection.3.3.1}{\376\377\000S\000p\000e\000e\000d\000-\000o\000f\000-\000L\000i\000g\000h\000t\000\040\000U\000t\000i\000l\000i\000z\000a\000t\000i\000o\000n\000s}{subsection.3.3}% 30
\BOOKMARK [3][-]{subsubsection.3.3.2}{\376\377\000L\000F\000M\000R\000\040\000\050\000G\000P\000U\000\040\000F\000o\000r\000m\000\051}{subsection.3.3}% 31
\BOOKMARK [3][-]{subsubsection.3.3.3}{\376\377\000M\000e\000m\000o\000r\000y\000\040\000I\000n\000t\000e\000n\000s\000i\000t\000y\000\040\000\050\000M\000P\000K\000I\000\051}{subsection.3.3}% 32
\BOOKMARK [3][-]{subsubsection.3.3.4}{\376\377\000A\000r\000i\000t\000h\000m\000e\000t\000i\000c\000\040\000I\000n\000t\000e\000n\000s\000i\000t\000y\000\040\000a\000n\000d\000\040\000t\000h\000e\000\040\000R\000o\000o\000f\000l\000i\000n\000e}{subsection.3.3}% 33
\BOOKMARK [3][-]{subsubsection.3.3.5}{\376\377\000O\000c\000c\000u\000p\000a\000n\000c\000y\000\040\000a\000n\000d\000\040\000t\000h\000e\000\040\000S\000t\000a\000l\000l\000\040\000T\000a\000x\000o\000n\000o\000m\000y}{subsection.3.3}% 34
\BOOKMARK [3][-]{subsubsection.3.3.6}{\376\377\000C\000o\000a\000l\000e\000s\000c\000i\000n\000g}{subsection.3.3}% 35
\BOOKMARK [3][-]{subsubsection.3.3.7}{\376\377\000L\000o\000c\000a\000l\000i\000t\000y\000\040\000\050\000T\000r\000a\000c\000e\000-\000S\000i\000d\000e\000\051}{subsection.3.3}% 36
\BOOKMARK [2][-]{subsection.3.4}{\376\377\000T\000h\000e\000\040\000C\000l\000a\000s\000s\000i\000f\000i\000e\000r\000\040\000a\000n\000d\000\040\000T\000a\000x\000o\000n\000o\000m\000y}{section.3}% 37
\BOOKMARK [3][-]{subsubsection.3.4.1}{\376\377\000T\000h\000r\000e\000s\000h\000o\000l\000d\000s}{subsection.3.4}% 38
\BOOKMARK [3][-]{subsubsection.3.4.2}{\376\377\000T\000h\000e\000\040\000O\000r\000d\000e\000r\000e\000d\000\040\000R\000u\000l\000e\000s}{subsection.3.4}% 39
\BOOKMARK [3][-]{subsubsection.3.4.3}{\376\377\000S\000e\000n\000s\000i\000t\000i\000v\000i\000t\000y\000\040\000A\000n\000a\000l\000y\000s\000i\000s}{subsection.3.4}% 40
\BOOKMARK [2][-]{subsection.3.5}{\376\377\000F\000r\000o\000m\000\040\000C\000l\000a\000s\000s\000\040\000t\000o\000\040\000V\000e\000r\000d\000i\000c\000t\000:\000\040\000S\000u\000b\000s\000t\000r\000a\000t\000e\000\040\000a\000n\000d\000\040\000F\000a\000u\000l\000t\000\040\000M\000a\000p\000p\000i\000n\000g}{section.3}% 41
\BOOKMARK [2][-]{subsection.3.6}{\376\377\000T\000h\000e\000\040\000P\000l\000a\000c\000e\000m\000e\000n\000t\000\040\000M\000o\000d\000e\000l}{section.3}% 42
\BOOKMARK [2][-]{subsection.3.7}{\376\377\000D\000A\000M\000O\000V\000\040\000P\000a\000r\000i\000t\000y\000:\000\040\000T\000h\000e\000\040\000C\000o\000m\000p\000l\000e\000t\000e\000n\000e\000s\000s\000\040\000A\000r\000g\000u\000m\000e\000n\000t}{section.3}% 43
\BOOKMARK [1][-]{section.4}{\376\377\000R\000e\000s\000u\000l\000t\000s}{}% 44
\BOOKMARK [2][-]{subsection.4.1}{\376\377\000M\000e\000a\000s\000u\000r\000e\000m\000e\000n\000t\000\040\000V\000a\000l\000i\000d\000i\000t\000y\000:\000\040\000A\000c\000c\000u\000r\000a\000c\000y\000,\000\040\000N\000e\000u\000t\000r\000a\000l\000i\000t\000y\000,\000\040\000a\000n\000d\000\040\000N\000o\000i\000s\000e}{section.4}% 45
\BOOKMARK [3][-]{subsubsection.4.1.1}{\376\377\000A\000c\000c\000u\000r\000a\000c\000y\000\040\000V\000a\000l\000i\000d\000a\000t\000i\000o\000n\000:\000\040\000T\000h\000e\000\040\0001\0004\0001\000-\000C\000o\000n\000f\000i\000g\000u\000r\000a\000t\000i\000o\000n\000\040\000M\000a\000t\000r\000i\000x}{subsection.4.1}% 46
\BOOKMARK [4][-]{paragraph.4.1.1.1}{\376\377\000D\000i\000s\000c\000r\000e\000p\000a\000n\000c\000i\000e\000s\000\040\000a\000n\000d\000\040\000T\000h\000e\000i\000r\000\040\000C\000a\000u\000s\000e\000s}{subsubsection.4.1.1}% 47
\BOOKMARK [3][-]{subsubsection.4.1.2}{\376\377\000P\000r\000o\000f\000i\000l\000i\000n\000g\000\040\000i\000s\000\040\000A\000c\000c\000u\000r\000a\000c\000y\000-\000N\000e\000u\000t\000r\000a\000l}{subsection.4.1}% 48
\BOOKMARK [3][-]{subsubsection.4.1.3}{\376\377\000N\000o\000n\000d\000e\000t\000e\000r\000m\000i\000n\000i\000s\000m\000,\000\040\000C\000h\000a\000r\000a\000c\000t\000e\000r\000i\000z\000e\000d}{subsection.4.1}% 49
\BOOKMARK [3][-]{subsubsection.4.1.4}{\376\377\000S\000u\000m\000m\000a\000r\000y\000\040\000o\000f\000\040\000t\000h\000e\000\040\000T\000r\000u\000s\000t\000\040\000C\000h\000a\000i\000n}{subsection.4.1}% 50
\BOOKMARK [2][-]{subsection.4.2}{\376\377\000K\000e\000r\000n\000e\000l\000-\000L\000e\000v\000e\000l\000\040\000C\000h\000a\000r\000a\000c\000t\000e\000r\000i\000z\000a\000t\000i\000o\000n}{section.4}% 51
\BOOKMARK [3][-]{subsubsection.4.2.1}{\376\377\000W\000h\000a\000t\000\040\000t\000h\000e\000\040\000S\000c\000r\000e\000e\000n\000\040\000R\000e\000v\000e\000a\000l\000s}{subsection.4.2}% 52
\BOOKMARK [3][-]{subsubsection.4.2.2}{\376\377\000C\000l\000a\000s\000s\000\040\000S\000t\000a\000b\000i\000l\000i\000t\000y\000\040\000A\000c\000r\000o\000s\000s\000\040\000I\000n\000p\000u\000t\000s}{subsection.4.2}% 53
\BOOKMARK [3][-]{subsubsection.4.2.3}{\376\377\000T\000h\000e\000\040\000T\000a\000x\000o\000n\000o\000m\000y\000\040\000I\000s\000\040\000D\000i\000s\000c\000o\000v\000e\000r\000e\000d\000,\000\040\000N\000o\000t\000\040\000A\000s\000s\000e\000r\000t\000e\000d}{subsection.4.2}% 54
\BOOKMARK [3][-]{subsubsection.4.2.4}{\376\377\000C\000r\000o\000s\000s\000-\000M\000i\000c\000r\000o\000a\000r\000c\000h\000i\000t\000e\000c\000t\000u\000r\000e\000\040\000A\000g\000r\000e\000e\000m\000e\000n\000t}{subsection.4.2}% 55
\BOOKMARK [3][-]{subsubsection.4.2.5}{\376\377\000T\000h\000e\000\040\000C\000a\000l\000i\000b\000r\000a\000t\000i\000o\000n\000\040\000S\000u\000i\000t\000e\000:\000\040\000C\000l\000a\000s\000s\000i\000f\000y\000i\000n\000g\000\040\000K\000n\000o\000w\000n\000\040\000T\000r\000u\000t\000h}{subsection.4.2}% 56
\BOOKMARK [3][-]{subsubsection.4.2.6}{\376\377\000N\000e\000a\000r\000-\000D\000a\000t\000a\000\040\000A\000f\000f\000i\000n\000i\000t\000y\000\040\000o\000f\000\040\000t\000h\000e\000\040\000W\000o\000r\000k\000l\000o\000a\000d}{subsection.4.2}% 57
\BOOKMARK [3][-]{subsubsection.4.2.7}{\376\377\000T\000h\000e\000\040\000S\000y\000s\000t\000e\000m\000\040\000E\000d\000g\000e\000:\000\040\000H\000o\000s\000t\040\023\000D\000e\000v\000i\000c\000e\000\040\000T\000r\000a\000n\000s\000f\000e\000r\000s}{subsection.4.2}% 58
\BOOKMARK [2][-]{subsection.4.3}{\376\377\000M\000a\000c\000h\000i\000n\000e\000-\000I\000n\000d\000e\000p\000e\000n\000d\000e\000n\000t\000\040\000L\000o\000c\000a\000l\000i\000t\000y\000\040\000A\000n\000a\000l\000y\000s\000i\000s}{section.4}% 59
\BOOKMARK [3][-]{subsubsection.4.3.1}{\376\377\000T\000r\000a\000c\000e\000-\000S\000i\000d\000e\000\040\000M\000e\000t\000r\000i\000c\000s}{subsection.4.3}% 60
\BOOKMARK [3][-]{subsubsection.4.3.2}{\376\377\000T\000h\000e\000\040\000F\000r\000o\000n\000t\000-\000E\000n\000d\000\040\000I\000s\000\040\000C\000a\000c\000h\000e\000-\000I\000m\000m\000u\000n\000e\000\040\000S\000t\000r\000e\000a\000m\000i\000n\000g}{subsection.4.3}% 61
\BOOKMARK [3][-]{subsubsection.4.3.3}{\376\377\000T\000h\000e\000\040\000L\000o\000o\000p\000-\000C\000l\000o\000s\000u\000r\000e\000\040\000S\000c\000a\000n\000:\000\040\000A\000\040\000S\000e\000l\000f\000-\000C\000o\000r\000r\000e\000c\000t\000i\000o\000n\000\040\000o\000n\000\040\000R\000e\000c\000o\000r\000d}{subsection.4.3}% 62
\BOOKMARK [3][-]{subsubsection.4.3.4}{\376\377\000S\000e\000s\000s\000i\000o\000n\000-\000S\000c\000a\000l\000e\000\040\000G\000r\000o\000w\000t\000h\000\040\000a\000n\000d\000\040\000M\000i\000g\000r\000a\000t\000i\000o\000n}{subsection.4.3}% 63
\BOOKMARK [2][-]{subsection.4.4}{\376\377\000D\000a\000t\000a\000-\000S\000t\000r\000u\000c\000t\000u\000r\000e\000\040\000A\000t\000t\000r\000i\000b\000u\000t\000i\000o\000n\000:\000\040\000N\000a\000m\000i\000n\000g\000\040\000E\000v\000e\000r\000y\000\040\000B\000y\000t\000e}{section.4}% 64
\BOOKMARK [3][-]{subsubsection.4.4.1}{\376\377\000T\000h\000e\000\040\000T\000h\000r\000e\000e\000-\000L\000a\000y\000e\000r\000\040\000I\000n\000s\000t\000r\000u\000m\000e\000n\000t}{subsection.4.4}% 65
\BOOKMARK [3][-]{subsubsection.4.4.2}{\376\377\000C\000o\000v\000e\000r\000a\000g\000e\000:\000\040\000A\000u\000d\000i\000t\000i\000n\000g\000\040\000t\000h\000e\000\040\000W\000i\000n\000d\000o\000w\000s}{subsection.4.4}% 66
\BOOKMARK [3][-]{subsubsection.4.4.3}{\376\377\000T\000h\000e\000\040\000G\000P\000U\000\040\000M\000e\000m\000o\000r\000y\000\040\000B\000u\000d\000g\000e\000t\000\040\000I\000s\000\040\000S\000t\000a\000t\000i\000c}{subsection.4.4}% 67
\BOOKMARK [3][-]{subsubsection.4.4.4}{\376\377\000A\000t\000t\000r\000i\000b\000u\000t\000i\000o\000n\000\040\000R\000e\000s\000u\000l\000t\000s}{subsection.4.4}% 68
\BOOKMARK [3][-]{subsubsection.4.4.5}{\376\377\000T\000h\000e\000\040\000R\000e\000g\000i\000s\000t\000e\000r\000-\000S\000p\000i\000l\000l\000\040\000F\000i\000n\000d\000i\000n\000g}{subsection.4.4}% 69
\BOOKMARK [3][-]{subsubsection.4.4.6}{\376\377\000B\000o\000u\000n\000d\000e\000d\000\040\000R\000e\000s\000i\000d\000u\000a\000l\000s}{subsection.4.4}% 70
\BOOKMARK [2][-]{subsection.4.5}{\376\377\000S\000y\000n\000t\000h\000e\000s\000i\000s\000:\000\040\000S\000u\000b\000s\000t\000r\000a\000t\000e\000\040\000V\000e\000r\000d\000i\000c\000t\000s\000\040\000a\000n\000d\000\040\000M\000e\000a\000s\000u\000r\000e\000d\000\040\000B\000a\000s\000e\000l\000i\000n\000e\000s}{section.4}% 71
\BOOKMARK [3][-]{subsubsection.4.5.1}{\376\377\000T\000h\000e\000\040\000T\000h\000r\000e\000e\000-\000W\000a\000y\000\040\000S\000p\000l\000i\000t}{subsection.4.5}% 72
\BOOKMARK [3][-]{subsubsection.4.5.2}{\376\377\000V\000e\000r\000d\000i\000c\000t\000\040\000D\000y\000n\000a\000m\000i\000c\000s\000\040\000A\000c\000r\000o\000s\000s\000\040\000W\000o\000r\000k\000l\000o\000a\000d\000s}{subsection.4.5}% 73
\BOOKMARK [3][-]{subsubsection.4.5.3}{\376\377\000T\000h\000e\000\040\000A\000n\000a\000l\000y\000t\000i\000c\000a\000l\000\040\000P\000l\000a\000c\000e\000m\000e\000n\000t\000\040\000B\000o\000u\000n\000d}{subsection.4.5}% 74
\BOOKMARK [3][-]{subsubsection.4.5.4}{\376\377\000T\000h\000e\000\040\000M\000e\000a\000s\000u\000r\000e\000d\000\040\000E\000n\000e\000r\000g\000y\000\040\000B\000a\000s\000e\000l\000i\000n\000e}{subsection.4.5}% 75
\BOOKMARK [3][-]{subsubsection.4.5.5}{\376\377\000T\000h\000e\000\040\000H\000o\000s\000t\000-\000S\000i\000d\000e\000\040\000B\000o\000u\000n\000d\000a\000r\000y}{subsection.4.5}% 76
\BOOKMARK [3][-]{subsubsection.4.5.6}{\376\377\000F\000a\000u\000l\000t\000s\000\040\000N\000a\000m\000e\000d\000\040\000f\000o\000r\000\040\000t\000h\000e\000\040\000K\000e\000r\000n\000e\000l\000s\000\040\000T\000h\000a\000t\000\040\000S\000t\000a\000y}{subsection.4.5}% 77
\BOOKMARK [1][-]{section.5}{\376\377\000D\000i\000s\000c\000u\000s\000s\000i\000o\000n}{}% 78
\BOOKMARK [2][-]{subsection.5.1}{\376\377\000I\000n\000t\000e\000r\000n\000a\000l\000\040\000V\000a\000l\000i\000d\000i\000t\000y}{section.5}% 79
\BOOKMARK [2][-]{subsection.5.2}{\376\377\000E\000x\000t\000e\000r\000n\000a\000l\000\040\000V\000a\000l\000i\000d\000i\000t\000y}{section.5}% 80
\BOOKMARK [2][-]{subsection.5.3}{\376\377\000C\000o\000n\000s\000t\000r\000u\000c\000t\000\040\000V\000a\000l\000i\000d\000i\000t\000y}{section.5}% 81
\BOOKMARK [2][-]{subsection.5.4}{\376\377\000W\000h\000a\000t\000\040\000I\000s\000\040\000O\000u\000t\000\040\000o\000f\000\040\000S\000c\000o\000p\000e\000,\000\040\000a\000n\000d\000\040\000W\000h\000y}{section.5}% 82
\BOOKMARK [1][-]{section.6}{\376\377\000C\000o\000n\000c\000l\000u\000s\000i\000o\000n\000s}{}% 83
\BOOKMARK [2][-]{subsection.6.1}{\376\377\000W\000h\000a\000t\000\040\000W\000a\000s\000\040\000E\000s\000t\000a\000b\000l\000i\000s\000h\000e\000d}{section.6}% 84
\BOOKMARK [2][-]{subsection.6.2}{\376\377\000T\000h\000e\000\040\000T\000h\000e\000s\000i\000s\000,\000\040\000R\000e\000s\000t\000a\000t\000e\000d}{section.6}% 85
\BOOKMARK [1][-]{section.7}{\376\377\000R\000e\000c\000o\000m\000m\000e\000n\000d\000a\000t\000i\000o\000n\000s\000\040\000a\000n\000d\000\040\000F\000u\000t\000u\000r\000e\000\040\000W\000o\000r\000k}{}% 86
\BOOKMARK [2][-]{subsection.7.1}{\376\377\000F\000u\000t\000u\000r\000e\000\040\000W\000o\000r\000k}{section.7}% 87
\BOOKMARK [1][-]{section.8}{\376\377\000R\000e\000f\000e\000r\000e\000n\000c\000e\000s}{}% 88
\BOOKMARK [1][-]{section.9}{\376\377\000A\000p\000p\000e\000n\000d\000i\000c\000e\000s}{}% 89
\BOOKMARK [2][-]{subsection.9.1}{\376\377\000G\000l\000o\000s\000s\000a\000r\000y}{section.9}% 90
\BOOKMARK [2][-]{subsection.9.2}{\376\377\000A\000r\000t\000i\000f\000a\000c\000t\000\040\000a\000n\000d\000\040\000R\000e\000p\000r\000o\000d\000u\000c\000i\000b\000i\000l\000i\000t\000y\000\040\000D\000e\000s\000c\000r\000i\000p\000t\000i\000o\000n}{section.9}% 91
\BOOKMARK [3][-]{subsubsection.9.2.1}{\376\377\000L\000a\000y\000o\000u\000t}{subsection.9.2}% 92
\BOOKMARK [3][-]{subsubsection.9.2.2}{\376\377\000E\000n\000v\000i\000r\000o\000n\000m\000e\000n\000t}{subsection.9.2}% 93
\BOOKMARK [3][-]{subsubsection.9.2.3}{\376\377\000R\000e\000p\000r\000o\000d\000u\000c\000t\000i\000o\000n\000\040\000p\000a\000t\000h\000s}{subsection.9.2}% 94
\BOOKMARK [2][-]{subsection.9.3}{\376\377\000E\000x\000t\000e\000n\000d\000e\000d\000\040\000R\000e\000s\000u\000l\000t\000\040\000T\000a\000b\000l\000e\000s}{section.9}% 95
\BOOKMARK [3][-]{subsubsection.9.3.1}{\376\377\000C\000r\000o\000s\000s\000-\000s\000e\000q\000u\000e\000n\000c\000e\000\040\000a\000t\000t\000r\000i\000b\000u\000t\000i\000o\000n\000\040\000c\000o\000n\000s\000i\000s\000t\000e\000n\000c\000y\000\040\000\050\000e\000x\000c\000e\000r\000p\000t\000\051}{subsection.9.3}% 96
\BOOKMARK [3][-]{subsubsection.9.3.2}{\376\377\000I\000n\000s\000t\000r\000u\000m\000e\000n\000t\000e\000d\000\040\000v\000s\000.\000\040\000b\000a\000s\000e\000l\000i\000n\000e\000\040\000t\000r\000a\000j\000e\000c\000t\000o\000r\000i\000e\000s\000\040\000\050\000Q\000o\000R\000\040\000e\000x\000c\000e\000r\000p\000t\000\051}{subsection.9.3}% 97
\BOOKMARK [3][-]{subsubsection.9.3.3}{\376\377\000K\000I\000T\000T\000I\000\040\000p\000e\000r\000-\000s\000e\000q\000u\000e\000n\000c\000e\000\040\000o\000d\000o\000m\000e\000t\000r\000y\000\040\000a\000c\000c\000u\000r\000a\000c\000y}{subsection.9.3}% 98
\BOOKMARK [3][-]{subsubsection.9.3.4}{\376\377\000M\000e\000a\000s\000u\000r\000e\000d\000\040\000s\000t\000a\000g\000e\000\040\000m\000a\000p\000\040\000\050\000N\000V\000T\000X\000,\000\040\000e\000x\000c\000e\000r\000p\000t\000\051}{subsection.9.3}% 99
