\BOOKMARK [0][-]{chapter*.1}{\376\377\000A\000b\000s\000t\000r\000a\000c\000t}{}% 1
\BOOKMARK [0][-]{chapter*.3}{\376\377\000L\000i\000s\000t\000\040\000o\000f\000\040\000T\000a\000b\000l\000e\000s}{}% 2
\BOOKMARK [0][-]{chapter*.4}{\376\377\000L\000i\000s\000t\000\040\000o\000f\000\040\000A\000b\000b\000r\000e\000v\000i\000a\000t\000i\000o\000n\000s}{}% 3
\BOOKMARK [0][-]{chapter.1}{\376\377\000I\000n\000t\000r\000o\000d\000u\000c\000t\000i\000o\000n}{}% 4
\BOOKMARK [1][-]{section.1.1}{\376\377\000M\000o\000t\000i\000v\000a\000t\000i\000o\000n\000:\000\040\000P\000h\000y\000s\000i\000c\000a\000l\000\040\000A\000I\000\040\000m\000e\000e\000t\000s\000\040\000t\000h\000e\000\040\000m\000e\000m\000o\000r\000y\000\040\000w\000a\000l\000l}{chapter.1}% 5
\BOOKMARK [1][-]{section.1.2}{\376\377\000P\000r\000o\000b\000l\000e\000m\000\040\000s\000t\000a\000t\000e\000m\000e\000n\000t}{chapter.1}% 6
\BOOKMARK [1][-]{section.1.3}{\376\377\000R\000e\000s\000e\000a\000r\000c\000h\000\040\000q\000u\000e\000s\000t\000i\000o\000n\000s}{chapter.1}% 7
\BOOKMARK [1][-]{section.1.4}{\376\377\000C\000o\000n\000t\000r\000i\000b\000u\000t\000i\000o\000n\000s}{chapter.1}% 8
\BOOKMARK [1][-]{section.1.5}{\376\377\000S\000c\000o\000p\000e\000\040\000a\000n\000d\000\040\000n\000o\000n\000-\000g\000o\000a\000l\000s}{chapter.1}% 9
\BOOKMARK [1][-]{section.1.6}{\376\377\000T\000h\000e\000s\000i\000s\000\040\000o\000r\000g\000a\000n\000i\000z\000a\000t\000i\000o\000n}{chapter.1}% 10
\BOOKMARK [0][-]{chapter.2}{\376\377\000B\000a\000c\000k\000g\000r\000o\000u\000n\000d}{}% 11
\BOOKMARK [1][-]{section.2.1}{\376\377\000T\000h\000e\000\040\000G\000P\000U\000\040\000e\000x\000e\000c\000u\000t\000i\000o\000n\000\040\000m\000o\000d\000e\000l}{chapter.2}% 12
\BOOKMARK [1][-]{section.2.2}{\376\377\000T\000h\000e\000\040\000m\000e\000m\000o\000r\000y\000\040\000h\000i\000e\000r\000a\000r\000c\000h\000y\000\040\000a\000n\000d\000\040\000t\000h\000e\000\040\000f\000i\000v\000e\000\040\000a\000d\000d\000r\000e\000s\000s\000\040\000s\000p\000a\000c\000e\000s}{chapter.2}% 13
\BOOKMARK [1][-]{section.2.3}{\376\377\000T\000h\000e\000\040\000m\000e\000m\000o\000r\000y\000\040\000w\000a\000l\000l}{chapter.2}% 14
\BOOKMARK [1][-]{section.2.4}{\376\377\000V\000i\000s\000u\000a\000l\000\040\000S\000L\000A\000M\000\040\000a\000n\000d\000\040\000c\000u\000V\000S\000L\000A\000M}{chapter.2}% 15
\BOOKMARK [1][-]{section.2.5}{\376\377\000C\000a\000n\000d\000i\000d\000a\000t\000e\000\040\000s\000u\000b\000s\000t\000r\000a\000t\000e\000s\000\040\000f\000o\000r\000\040\000m\000e\000m\000o\000r\000y\000-\000c\000e\000n\000t\000r\000i\000c\000\040\000e\000x\000e\000c\000u\000t\000i\000o\000n}{chapter.2}% 16
\BOOKMARK [1][-]{section.2.6}{\376\377\000T\000h\000e\000\040\000m\000e\000a\000s\000u\000r\000e\000m\000e\000n\000t\000\040\000i\000n\000s\000t\000r\000u\000m\000e\000n\000t\000s}{chapter.2}% 17
\BOOKMARK [0][-]{chapter.3}{\376\377\000R\000e\000l\000a\000t\000e\000d\000\040\000W\000o\000r\000k}{}% 18
\BOOKMARK [1][-]{section.3.1}{\376\377\000D\000a\000t\000a\000-\000m\000o\000v\000e\000m\000e\000n\000t\000\040\000c\000h\000a\000r\000a\000c\000t\000e\000r\000i\000z\000a\000t\000i\000o\000n\000\040\000m\000e\000t\000h\000o\000d\000o\000l\000o\000g\000i\000e\000s}{chapter.3}% 19
\BOOKMARK [1][-]{section.3.2}{\376\377\000P\000r\000o\000c\000e\000s\000s\000i\000n\000g\000-\000i\000n\000-\000m\000e\000m\000o\000r\000y\000\040\000a\000n\000d\000\040\000n\000e\000a\000r\000-\000d\000a\000t\000a\000\040\000s\000y\000s\000t\000e\000m\000s}{chapter.3}% 20
\BOOKMARK [1][-]{section.3.3}{\376\377\000S\000L\000A\000M\000\040\000s\000y\000s\000t\000e\000m\000s\000\040\000a\000n\000d\000\040\000t\000h\000e\000i\000r\000\040\000e\000v\000a\000l\000u\000a\000t\000i\000o\000n}{chapter.3}% 21
\BOOKMARK [1][-]{section.3.4}{\376\377\000G\000P\000U\000\040\000i\000n\000s\000t\000r\000u\000m\000e\000n\000t\000a\000t\000i\000o\000n}{chapter.3}% 22
\BOOKMARK [1][-]{section.3.5}{\376\377\000P\000o\000s\000i\000t\000i\000o\000n\000i\000n\000g}{chapter.3}% 23
\BOOKMARK [0][-]{chapter.4}{\376\377\000G\000P\000U\000-\000D\000A\000M\000O\000V\000:\000\040\000M\000e\000t\000h\000o\000d\000o\000l\000o\000g\000y\000\040\000a\000n\000d\000\040\000E\000x\000p\000e\000r\000i\000m\000e\000n\000t\000a\000l\000\040\000S\000e\000t\000u\000p}{}% 24
\BOOKMARK [1][-]{section.4.1}{\376\377\000T\000h\000e\000\040\000s\000i\000x\000-\000s\000t\000e\000p\000\040\000p\000i\000p\000e\000l\000i\000n\000e}{chapter.4}% 25
\BOOKMARK [1][-]{section.4.2}{\376\377\000E\000x\000p\000e\000r\000i\000m\000e\000n\000t\000a\000l\000\040\000s\000e\000t\000u\000p}{chapter.4}% 26
\BOOKMARK [2][-]{subsection.4.2.1}{\376\377\000H\000a\000r\000d\000w\000a\000r\000e}{section.4.2}% 27
\BOOKMARK [2][-]{subsection.4.2.2}{\376\377\000L\000o\000c\000k\000e\000d\000\040\000c\000l\000o\000c\000k\000s\000\040\000a\000n\000d\000\040\000m\000e\000a\000s\000u\000r\000e\000d\000\040\000c\000e\000i\000l\000i\000n\000g\000s}{section.4.2}% 28
\BOOKMARK [2][-]{subsection.4.2.3}{\376\377\000W\000o\000r\000k\000l\000o\000a\000d\000s\000\040\000a\000n\000d\000\040\000d\000a\000t\000a\000s\000e\000t\000s}{section.4.2}% 29
\BOOKMARK [2][-]{subsection.4.2.4}{\376\377\000C\000a\000p\000t\000u\000r\000e\000\040\000d\000i\000s\000c\000i\000p\000l\000i\000n\000e}{section.4.2}% 30
\BOOKMARK [1][-]{section.4.3}{\376\377\000M\000e\000t\000r\000i\000c\000s}{chapter.4}% 31
\BOOKMARK [2][-]{subsection.4.3.1}{\376\377\000S\000p\000e\000e\000d\000-\000o\000f\000-\000l\000i\000g\000h\000t\000\040\000u\000t\000i\000l\000i\000z\000a\000t\000i\000o\000n\000s}{section.4.3}% 32
\BOOKMARK [2][-]{subsection.4.3.2}{\376\377\000L\000F\000M\000R\000\040\000\050\000G\000P\000U\000\040\000f\000o\000r\000m\000\051}{section.4.3}% 33
\BOOKMARK [2][-]{subsection.4.3.3}{\376\377\000M\000e\000m\000o\000r\000y\000\040\000i\000n\000t\000e\000n\000s\000i\000t\000y\000\040\000\050\000M\000P\000K\000I\000\051}{section.4.3}% 34
\BOOKMARK [2][-]{subsection.4.3.4}{\376\377\000A\000r\000i\000t\000h\000m\000e\000t\000i\000c\000\040\000i\000n\000t\000e\000n\000s\000i\000t\000y\000\040\000a\000n\000d\000\040\000t\000h\000e\000\040\000r\000o\000o\000f\000l\000i\000n\000e}{section.4.3}% 35
\BOOKMARK [2][-]{subsection.4.3.5}{\376\377\000O\000c\000c\000u\000p\000a\000n\000c\000y\000\040\000a\000n\000d\000\040\000t\000h\000e\000\040\000s\000t\000a\000l\000l\000\040\000t\000a\000x\000o\000n\000o\000m\000y}{section.4.3}% 36
\BOOKMARK [2][-]{subsection.4.3.6}{\376\377\000C\000o\000a\000l\000e\000s\000c\000i\000n\000g}{section.4.3}% 37
\BOOKMARK [2][-]{subsection.4.3.7}{\376\377\000L\000o\000c\000a\000l\000i\000t\000y\000\040\000\050\000t\000r\000a\000c\000e\000-\000s\000i\000d\000e\000\051}{section.4.3}% 38
\BOOKMARK [1][-]{section.4.4}{\376\377\000T\000h\000e\000\040\000c\000l\000a\000s\000s\000i\000f\000i\000e\000r\000\040\000a\000n\000d\000\040\000t\000a\000x\000o\000n\000o\000m\000y}{chapter.4}% 39
\BOOKMARK [2][-]{subsection.4.4.1}{\376\377\000T\000h\000r\000e\000s\000h\000o\000l\000d\000s}{section.4.4}% 40
\BOOKMARK [2][-]{subsection.4.4.2}{\376\377\000T\000h\000e\000\040\000o\000r\000d\000e\000r\000e\000d\000\040\000r\000u\000l\000e\000s}{section.4.4}% 41
\BOOKMARK [2][-]{subsection.4.4.3}{\376\377\000S\000e\000n\000s\000i\000t\000i\000v\000i\000t\000y\000\040\000a\000n\000a\000l\000y\000s\000i\000s}{section.4.4}% 42
\BOOKMARK [1][-]{section.4.5}{\376\377\000F\000r\000o\000m\000\040\000c\000l\000a\000s\000s\000\040\000t\000o\000\040\000v\000e\000r\000d\000i\000c\000t\000:\000\040\000s\000u\000b\000s\000t\000r\000a\000t\000e\000\040\000a\000n\000d\000\040\000f\000a\000u\000l\000t\000\040\000m\000a\000p\000p\000i\000n\000g}{chapter.4}% 43
\BOOKMARK [1][-]{section.4.6}{\376\377\000T\000h\000e\000\040\000p\000l\000a\000c\000e\000m\000e\000n\000t\000\040\000m\000o\000d\000e\000l}{chapter.4}% 44
\BOOKMARK [1][-]{section.4.7}{\376\377\000D\000A\000M\000O\000V\000\040\000p\000a\000r\000i\000t\000y\000:\000\040\000t\000h\000e\000\040\000c\000o\000m\000p\000l\000e\000t\000e\000n\000e\000s\000s\000\040\000a\000r\000g\000u\000m\000e\000n\000t}{chapter.4}% 45
\BOOKMARK [0][-]{chapter.5}{\376\377\000M\000e\000a\000s\000u\000r\000e\000m\000e\000n\000t\000\040\000V\000a\000l\000i\000d\000i\000t\000y\000:\000\040\000A\000c\000c\000u\000r\000a\000c\000y\000,\000\040\000N\000e\000u\000t\000r\000a\000l\000i\000t\000y\000,\000\040\000a\000n\000d\000\040\000N\000o\000i\000s\000e}{}% 46
\BOOKMARK [1][-]{section.5.1}{\376\377\000A\000c\000c\000u\000r\000a\000c\000y\000\040\000v\000a\000l\000i\000d\000a\000t\000i\000o\000n\000:\000\040\000t\000h\000e\000\040\0001\0004\0001\000-\000c\000o\000n\000f\000i\000g\000u\000r\000a\000t\000i\000o\000n\000\040\000m\000a\000t\000r\000i\000x}{chapter.5}% 47
\BOOKMARK [2][-]{subsection.5.1.1}{\376\377\000D\000i\000s\000c\000r\000e\000p\000a\000n\000c\000i\000e\000s\000\040\000a\000n\000d\000\040\000t\000h\000e\000i\000r\000\040\000c\000a\000u\000s\000e\000s}{section.5.1}% 48
\BOOKMARK [1][-]{section.5.2}{\376\377\000P\000r\000o\000f\000i\000l\000i\000n\000g\000\040\000i\000s\000\040\000a\000c\000c\000u\000r\000a\000c\000y\000-\000n\000e\000u\000t\000r\000a\000l}{chapter.5}% 49
\BOOKMARK [1][-]{section.5.3}{\376\377\000N\000o\000n\000d\000e\000t\000e\000r\000m\000i\000n\000i\000s\000m\000,\000\040\000c\000h\000a\000r\000a\000c\000t\000e\000r\000i\000z\000e\000d}{chapter.5}% 50
\BOOKMARK [1][-]{section.5.4}{\376\377\000S\000u\000m\000m\000a\000r\000y\000\040\000o\000f\000\040\000t\000h\000e\000\040\000t\000r\000u\000s\000t\000\040\000c\000h\000a\000i\000n}{chapter.5}% 51
\BOOKMARK [0][-]{chapter.6}{\376\377\000K\000e\000r\000n\000e\000l\000-\000L\000e\000v\000e\000l\000\040\000C\000h\000a\000r\000a\000c\000t\000e\000r\000i\000z\000a\000t\000i\000o\000n}{}% 52
\BOOKMARK [1][-]{section.6.1}{\376\377\000W\000h\000a\000t\000\040\000t\000h\000e\000\040\000s\000c\000r\000e\000e\000n\000\040\000r\000e\000v\000e\000a\000l\000s}{chapter.6}% 53
\BOOKMARK [1][-]{section.6.2}{\376\377\000C\000l\000a\000s\000s\000\040\000s\000t\000a\000b\000i\000l\000i\000t\000y\000\040\000a\000c\000r\000o\000s\000s\000\040\000i\000n\000p\000u\000t\000s}{chapter.6}% 54
\BOOKMARK [1][-]{section.6.3}{\376\377\000T\000h\000e\000\040\000t\000a\000x\000o\000n\000o\000m\000y\000\040\000i\000s\000\040\000d\000i\000s\000c\000o\000v\000e\000r\000e\000d\000,\000\040\000n\000o\000t\000\040\000a\000s\000s\000e\000r\000t\000e\000d}{chapter.6}% 55
\BOOKMARK [1][-]{section.6.4}{\376\377\000C\000r\000o\000s\000s\000-\000m\000i\000c\000r\000o\000a\000r\000c\000h\000i\000t\000e\000c\000t\000u\000r\000e\000\040\000a\000g\000r\000e\000e\000m\000e\000n\000t}{chapter.6}% 56
\BOOKMARK [1][-]{section.6.5}{\376\377\000T\000h\000e\000\040\000c\000a\000l\000i\000b\000r\000a\000t\000i\000o\000n\000\040\000s\000u\000i\000t\000e\000:\000\040\000c\000l\000a\000s\000s\000i\000f\000y\000i\000n\000g\000\040\000k\000n\000o\000w\000n\000\040\000t\000r\000u\000t\000h}{chapter.6}% 57
\BOOKMARK [1][-]{section.6.6}{\376\377\000N\000e\000a\000r\000-\000d\000a\000t\000a\000\040\000a\000f\000f\000i\000n\000i\000t\000y\000\040\000o\000f\000\040\000t\000h\000e\000\040\000w\000o\000r\000k\000l\000o\000a\000d}{chapter.6}% 58
\BOOKMARK [1][-]{section.6.7}{\376\377\000T\000h\000e\000\040\000s\000y\000s\000t\000e\000m\000\040\000e\000d\000g\000e\000:\000\040\000h\000o\000s\000t\040\023\000d\000e\000v\000i\000c\000e\000\040\000t\000r\000a\000n\000s\000f\000e\000r\000s}{chapter.6}% 59
\BOOKMARK [0][-]{chapter.7}{\376\377\000M\000a\000c\000h\000i\000n\000e\000-\000I\000n\000d\000e\000p\000e\000n\000d\000e\000n\000t\000\040\000L\000o\000c\000a\000l\000i\000t\000y\000\040\000A\000n\000a\000l\000y\000s\000i\000s}{}% 60
\BOOKMARK [1][-]{section.7.1}{\376\377\000T\000r\000a\000c\000e\000-\000s\000i\000d\000e\000\040\000m\000e\000t\000r\000i\000c\000s}{chapter.7}% 61
\BOOKMARK [1][-]{section.7.2}{\376\377\000T\000h\000e\000\040\000f\000r\000o\000n\000t\000-\000e\000n\000d\000\040\000i\000s\000\040\000c\000a\000c\000h\000e\000-\000i\000m\000m\000u\000n\000e\000\040\000s\000t\000r\000e\000a\000m\000i\000n\000g}{chapter.7}% 62
\BOOKMARK [1][-]{section.7.3}{\376\377\000T\000h\000e\000\040\000l\000o\000o\000p\000-\000c\000l\000o\000s\000u\000r\000e\000\040\000s\000c\000a\000n\000:\000\040\000a\000\040\000s\000e\000l\000f\000-\000c\000o\000r\000r\000e\000c\000t\000i\000o\000n\000\040\000o\000n\000\040\000r\000e\000c\000o\000r\000d}{chapter.7}% 63
\BOOKMARK [1][-]{section.7.4}{\376\377\000S\000e\000s\000s\000i\000o\000n\000-\000s\000c\000a\000l\000e\000\040\000g\000r\000o\000w\000t\000h\000\040\000a\000n\000d\000\040\000m\000i\000g\000r\000a\000t\000i\000o\000n}{chapter.7}% 64
\BOOKMARK [0][-]{chapter.8}{\376\377\000D\000a\000t\000a\000-\000S\000t\000r\000u\000c\000t\000u\000r\000e\000\040\000A\000t\000t\000r\000i\000b\000u\000t\000i\000o\000n\000:\000\040\000N\000a\000m\000i\000n\000g\000\040\000E\000v\000e\000r\000y\000\040\000B\000y\000t\000e}{}% 65
\BOOKMARK [1][-]{section.8.1}{\376\377\000T\000h\000e\000\040\000t\000h\000r\000e\000e\000-\000l\000a\000y\000e\000r\000\040\000i\000n\000s\000t\000r\000u\000m\000e\000n\000t}{chapter.8}% 66
\BOOKMARK [1][-]{section.8.2}{\376\377\000C\000o\000v\000e\000r\000a\000g\000e\000:\000\040\000a\000u\000d\000i\000t\000i\000n\000g\000\040\000t\000h\000e\000\040\000w\000i\000n\000d\000o\000w\000s}{chapter.8}% 67
\BOOKMARK [1][-]{section.8.3}{\376\377\000T\000h\000e\000\040\000G\000P\000U\000\040\000m\000e\000m\000o\000r\000y\000\040\000b\000u\000d\000g\000e\000t\000\040\000i\000s\000\040\000s\000t\000a\000t\000i\000c}{chapter.8}% 68
\BOOKMARK [1][-]{section.8.4}{\376\377\000A\000t\000t\000r\000i\000b\000u\000t\000i\000o\000n\000\040\000r\000e\000s\000u\000l\000t\000s}{chapter.8}% 69
\BOOKMARK [1][-]{section.8.5}{\376\377\000T\000h\000e\000\040\000r\000e\000g\000i\000s\000t\000e\000r\000-\000s\000p\000i\000l\000l\000\040\000f\000i\000n\000d\000i\000n\000g}{chapter.8}% 70
\BOOKMARK [1][-]{section.8.6}{\376\377\000B\000o\000u\000n\000d\000e\000d\000\040\000r\000e\000s\000i\000d\000u\000a\000l\000s}{chapter.8}% 71
\BOOKMARK [0][-]{chapter.9}{\376\377\000S\000y\000n\000t\000h\000e\000s\000i\000s\000:\000\040\000S\000u\000b\000s\000t\000r\000a\000t\000e\000\040\000V\000e\000r\000d\000i\000c\000t\000s\000\040\000a\000n\000d\000\040\000M\000e\000a\000s\000u\000r\000e\000d\000\040\000B\000a\000s\000e\000l\000i\000n\000e\000s}{}% 72
\BOOKMARK [1][-]{section.9.1}{\376\377\000T\000h\000e\000\040\000t\000h\000r\000e\000e\000-\000w\000a\000y\000\040\000s\000p\000l\000i\000t}{chapter.9}% 73
\BOOKMARK [1][-]{section.9.2}{\376\377\000V\000e\000r\000d\000i\000c\000t\000\040\000d\000y\000n\000a\000m\000i\000c\000s\000\040\000a\000c\000r\000o\000s\000s\000\040\000w\000o\000r\000k\000l\000o\000a\000d\000s}{chapter.9}% 74
\BOOKMARK [1][-]{section.9.3}{\376\377\000T\000h\000e\000\040\000a\000n\000a\000l\000y\000t\000i\000c\000a\000l\000\040\000p\000l\000a\000c\000e\000m\000e\000n\000t\000\040\000b\000o\000u\000n\000d}{chapter.9}% 75
\BOOKMARK [1][-]{section.9.4}{\376\377\000T\000h\000e\000\040\000m\000e\000a\000s\000u\000r\000e\000d\000\040\000e\000n\000e\000r\000g\000y\000\040\000b\000a\000s\000e\000l\000i\000n\000e}{chapter.9}% 76
\BOOKMARK [1][-]{section.9.5}{\376\377\000T\000h\000e\000\040\000h\000o\000s\000t\000-\000s\000i\000d\000e\000\040\000b\000o\000u\000n\000d\000a\000r\000y}{chapter.9}% 77
\BOOKMARK [1][-]{section.9.6}{\376\377\000F\000a\000u\000l\000t\000s\000\040\000n\000a\000m\000e\000d\000\040\000f\000o\000r\000\040\000t\000h\000e\000\040\000k\000e\000r\000n\000e\000l\000s\000\040\000t\000h\000a\000t\000\040\000s\000t\000a\000y}{chapter.9}% 78
\BOOKMARK [0][-]{chapter.10}{\376\377\000T\000h\000r\000e\000a\000t\000s\000\040\000t\000o\000\040\000V\000a\000l\000i\000d\000i\000t\000y\000\040\000a\000n\000d\000\040\000L\000i\000m\000i\000t\000a\000t\000i\000o\000n\000s}{}% 79
\BOOKMARK [1][-]{section.10.1}{\376\377\000I\000n\000t\000e\000r\000n\000a\000l\000\040\000v\000a\000l\000i\000d\000i\000t\000y}{chapter.10}% 80
\BOOKMARK [1][-]{section.10.2}{\376\377\000E\000x\000t\000e\000r\000n\000a\000l\000\040\000v\000a\000l\000i\000d\000i\000t\000y}{chapter.10}% 81
\BOOKMARK [1][-]{section.10.3}{\376\377\000C\000o\000n\000s\000t\000r\000u\000c\000t\000\040\000v\000a\000l\000i\000d\000i\000t\000y}{chapter.10}% 82
\BOOKMARK [1][-]{section.10.4}{\376\377\000W\000h\000a\000t\000\040\000i\000s\000\040\000o\000u\000t\000\040\000o\000f\000\040\000s\000c\000o\000p\000e\000,\000\040\000a\000n\000d\000\040\000w\000h\000y}{chapter.10}% 83
\BOOKMARK [0][-]{chapter.11}{\376\377\000C\000o\000n\000c\000l\000u\000s\000i\000o\000n\000\040\000a\000n\000d\000\040\000F\000u\000t\000u\000r\000e\000\040\000W\000o\000r\000k}{}% 84
\BOOKMARK [1][-]{section.11.1}{\376\377\000W\000h\000a\000t\000\040\000w\000a\000s\000\040\000e\000s\000t\000a\000b\000l\000i\000s\000h\000e\000d}{chapter.11}% 85
\BOOKMARK [1][-]{section.11.2}{\376\377\000T\000h\000e\000\040\000t\000h\000e\000s\000i\000s\000,\000\040\000r\000e\000s\000t\000a\000t\000e\000d}{chapter.11}% 86
\BOOKMARK [1][-]{section.11.3}{\376\377\000F\000u\000t\000u\000r\000e\000\040\000w\000o\000r\000k}{chapter.11}% 87
\BOOKMARK [0][-]{Item.26}{\376\377\000R\000e\000f\000e\000r\000e\000n\000c\000e\000s}{}% 88
\BOOKMARK [0][-]{appendix.A}{\376\377\000G\000l\000o\000s\000s\000a\000r\000y}{}% 89
\BOOKMARK [0][-]{appendix.B}{\376\377\000A\000r\000t\000i\000f\000a\000c\000t\000\040\000a\000n\000d\000\040\000R\000e\000p\000r\000o\000d\000u\000c\000i\000b\000i\000l\000i\000t\000y\000\040\000D\000e\000s\000c\000r\000i\000p\000t\000i\000o\000n}{}% 90
\BOOKMARK [1][-]{section.B.1}{\376\377\000L\000a\000y\000o\000u\000t}{appendix.B}% 91
\BOOKMARK [1][-]{section.B.2}{\376\377\000E\000n\000v\000i\000r\000o\000n\000m\000e\000n\000t}{appendix.B}% 92
\BOOKMARK [1][-]{section.B.3}{\376\377\000R\000e\000p\000r\000o\000d\000u\000c\000t\000i\000o\000n\000\040\000p\000a\000t\000h\000s}{appendix.B}% 93
\BOOKMARK [0][-]{appendix.C}{\376\377\000E\000x\000t\000e\000n\000d\000e\000d\000\040\000R\000e\000s\000u\000l\000t\000\040\000T\000a\000b\000l\000e\000s}{}% 94
\BOOKMARK [1][-]{section.C.1}{\376\377\000C\000r\000o\000s\000s\000-\000s\000e\000q\000u\000e\000n\000c\000e\000\040\000a\000t\000t\000r\000i\000b\000u\000t\000i\000o\000n\000\040\000c\000o\000n\000s\000i\000s\000t\000e\000n\000c\000y\000\040\000\050\000e\000x\000c\000e\000r\000p\000t\000\051}{appendix.C}% 95
\BOOKMARK [1][-]{section.C.2}{\376\377\000I\000n\000s\000t\000r\000u\000m\000e\000n\000t\000e\000d\000\040\000v\000s\000.\000\040\000b\000a\000s\000e\000l\000i\000n\000e\000\040\000t\000r\000a\000j\000e\000c\000t\000o\000r\000i\000e\000s\000\040\000\050\000Q\000o\000R\000\040\000e\000x\000c\000e\000r\000p\000t\000\051}{appendix.C}% 96
\BOOKMARK [1][-]{section.C.3}{\376\377\000K\000I\000T\000T\000I\000\040\000p\000e\000r\000-\000s\000e\000q\000u\000e\000n\000c\000e\000\040\000o\000d\000o\000m\000e\000t\000r\000y\000\040\000a\000c\000c\000u\000r\000a\000c\000y}{appendix.C}% 97
\BOOKMARK [1][-]{section.C.4}{\376\377\000M\000e\000a\000s\000u\000r\000e\000d\000\040\000s\000t\000a\000g\000e\000\040\000m\000a\000p\000\040\000\050\000N\000V\000T\000X\000,\000\040\000e\000x\000c\000e\000r\000p\000t\000\051}{appendix.C}% 98
